<?xml version="1.0" encoding="UTF-8"?>
<testsuite name="org.oop.DistanceAndDirectionCalculatorTest" tests="1" skipped="0" failures="0" errors="0" timestamp="2021-04-16T08:59:22" hostname="Gs-MacBook-Pro.local" time="0.021">
  <properties/>
  <testcase name="originAndPointOnYAxisShouldBeHalfPiRadiansAway()" classname="org.oop.DistanceAndDirectionCalculatorTest" time="0.021"/>
  <system-out><![CDATA[]]></system-out>
  <system-err><![CDATA[]]></system-err>
</testsuite>
