<?xml version="1.0" encoding="UTF-8"?>
<testsuite name="org.oop.GraphTest" tests="6" skipped="0" failures="0" errors="0" timestamp="2021-04-17T06:25:49" hostname="Gs-MacBook-Pro.local" time="0.026">
  <properties/>
  <testcase name="twoPointsWithSameXAndYCoordinatesShouldHaveADistanceOfZero()" classname="org.oop.GraphTest" time="0.016"/>
  <testcase name="distanceBetweenOriginAndPointsOnUnitCircleShouldBeOne()" classname="org.oop.GraphTest" time="0.0"/>
  <testcase name="originAndPointOnNegativeXAxisShouldBePiRadiansAway()" classname="org.oop.GraphTest" time="0.003"/>
  <testcase name="originAndPointOnPositiveXAxisShouldBeZeroRadiansAway()" classname="org.oop.GraphTest" time="0.001"/>
  <testcase name="originAndPointOnYAxisShouldBeHalfPiRadiansAway()" classname="org.oop.GraphTest" time="0.0"/>
  <testcase name="distanceBetweenTwoOppositePointsOnUnitCircleShouldBeTwo()" classname="org.oop.GraphTest" time="0.001"/>
  <system-out><![CDATA[]]></system-out>
  <system-err><![CDATA[]]></system-err>
</testsuite>
